[ 12857.935] (--) Log file renamed from "/home/velt/.local/share/xorg/Xorg.pid-49279.log" to "/home/velt/.local/share/xorg/Xorg.0.log"
[ 12857.936] 
X.Org X Server 1.20.5
X Protocol Version 11, Revision 0
[ 12857.936] Build Operating System: Linux 4.4.0-165-generic x86_64 Ubuntu
[ 12857.936] Current Operating System: Linux ubuntu 5.3.0-19-generic #20-Ubuntu SMP Fri Oct 18 09:04:39 UTC 2019 x86_64
[ 12857.936] Kernel command line: BOOT_IMAGE=/boot/vmlinuz-5.3.0-19-generic root=UUID=3352b782-73ec-4bb5-882b-4458d65a5e1d ro find_preseed=/preseed.cfg auto noprompt priority=critical locale=en_US quiet
[ 12857.936] Build Date: 08 October 2019  09:43:30AM
[ 12857.936] xorg-server 2:1.20.5+git20191008-0ubuntu1 (For technical support please see http://www.ubuntu.com/support) 
[ 12857.936] Current version of pixman: 0.38.4
[ 12857.936] 	Before reporting problems, check http://wiki.x.org
	to make sure that you have the latest version.
[ 12857.936] Markers: (--) probed, (**) from config file, (==) default setting,
	(++) from command line, (!!) notice, (II) informational,
	(WW) warning, (EE) error, (NI) not implemented, (??) unknown.
[ 12857.936] (==) Log file: "/home/velt/.local/share/xorg/Xorg.0.log", Time: Sat Nov 16 04:42:00 2019
[ 12857.938] (==) Using system config directory "/usr/share/X11/xorg.conf.d"
[ 12857.938] (==) No Layout section.  Using the first Screen section.
[ 12857.938] (==) No screen section available. Using defaults.
[ 12857.938] (**) |-->Screen "Default Screen Section" (0)
[ 12857.938] (**) |   |-->Monitor "<default monitor>"
[ 12857.938] (==) No monitor specified for screen "Default Screen Section".
	Using a default monitor configuration.
[ 12857.938] (==) Automatically adding devices
[ 12857.938] (==) Automatically enabling devices
[ 12857.938] (==) Automatically adding GPU devices
[ 12857.938] (==) Automatically binding GPU devices
[ 12857.938] (==) Max clients allowed: 256, resource mask: 0x1fffff
[ 12857.938] (WW) The directory "/usr/share/fonts/X11/cyrillic" does not exist.
[ 12857.938] 	Entry deleted from font path.
[ 12857.938] (WW) The directory "/usr/share/fonts/X11/100dpi/" does not exist.
[ 12857.938] 	Entry deleted from font path.
[ 12857.938] (WW) The directory "/usr/share/fonts/X11/75dpi/" does not exist.
[ 12857.938] 	Entry deleted from font path.
[ 12857.938] (WW) The directory "/usr/share/fonts/X11/100dpi" does not exist.
[ 12857.938] 	Entry deleted from font path.
[ 12857.938] (WW) The directory "/usr/share/fonts/X11/75dpi" does not exist.
[ 12857.938] 	Entry deleted from font path.
[ 12857.938] (==) FontPath set to:
	/usr/share/fonts/X11/misc,
	/usr/share/fonts/X11/Type1,
	built-ins
[ 12857.938] (==) ModulePath set to "/usr/lib/xorg/modules"
[ 12857.938] (II) The server relies on udev to provide the list of input devices.
	If no devices become available, reconfigure udev or disable AutoAddDevices.
[ 12857.938] (II) Loader magic: 0x55fae22b0020
[ 12857.938] (II) Module ABI versions:
[ 12857.938] 	X.Org ANSI C Emulation: 0.4
[ 12857.938] 	X.Org Video Driver: 24.0
[ 12857.938] 	X.Org XInput driver : 24.1
[ 12857.938] 	X.Org Server Extension : 10.0
[ 12857.939] (++) using VT number 2

[ 12857.942] (II) systemd-logind: took control of session /org/freedesktop/login1/session/_325
[ 12857.943] (II) xfree86: Adding drm device (/dev/dri/card0)
[ 12857.944] (II) systemd-logind: got fd for /dev/dri/card0 226:0 fd 12 paused 0
[ 12857.947] (--) PCI:*(0@0:15:0) 15ad:0405:15ad:0405 rev 0, Mem @ 0xe8000000/134217728, 0xfe000000/8388608, I/O @ 0x00001070/16, BIOS @ 0x????????/131072
[ 12857.948] (II) LoadModule: "glx"
[ 12857.948] (II) Loading /usr/lib/xorg/modules/extensions/libglx.so
[ 12857.949] (II) Module glx: vendor="X.Org Foundation"
[ 12857.949] 	compiled for 1.20.5, module version = 1.0.0
[ 12857.949] 	ABI class: X.Org Server Extension, version 10.0
[ 12857.949] (==) Matched vmware as autoconfigured driver 0
[ 12857.949] (==) Matched modesetting as autoconfigured driver 1
[ 12857.949] (==) Matched fbdev as autoconfigured driver 2
[ 12857.949] (==) Matched vesa as autoconfigured driver 3
[ 12857.949] (==) Assigned the driver to the xf86ConfigLayout
[ 12857.949] (II) LoadModule: "vmware"
[ 12857.949] (II) Loading /usr/lib/xorg/modules/drivers/vmware_drv.so
[ 12857.960] (II) Module vmware: vendor="X.Org Foundation"
[ 12857.960] 	compiled for 1.20.0, module version = 13.3.0
[ 12857.960] 	Module class: X.Org Video Driver
[ 12857.960] 	ABI class: X.Org Video Driver, version 24.0
[ 12857.960] (II) LoadModule: "modesetting"
[ 12857.960] (II) Loading /usr/lib/xorg/modules/drivers/modesetting_drv.so
[ 12857.960] (II) Module modesetting: vendor="X.Org Foundation"
[ 12857.960] 	compiled for 1.20.5, module version = 1.20.5
[ 12857.960] 	Module class: X.Org Video Driver
[ 12857.960] 	ABI class: X.Org Video Driver, version 24.0
[ 12857.960] (II) LoadModule: "fbdev"
[ 12857.961] (II) Loading /usr/lib/xorg/modules/drivers/fbdev_drv.so
[ 12857.961] (II) Module fbdev: vendor="X.Org Foundation"
[ 12857.961] 	compiled for 1.20.1, module version = 0.5.0
[ 12857.961] 	Module class: X.Org Video Driver
[ 12857.961] 	ABI class: X.Org Video Driver, version 24.0
[ 12857.961] (II) LoadModule: "vesa"
[ 12857.961] (II) Loading /usr/lib/xorg/modules/drivers/vesa_drv.so
[ 12857.961] (II) Module vesa: vendor="X.Org Foundation"
[ 12857.961] 	compiled for 1.20.4, module version = 2.4.0
[ 12857.961] 	Module class: X.Org Video Driver
[ 12857.962] 	ABI class: X.Org Video Driver, version 24.0
[ 12857.962] (II) vmware: driver for VMware SVGA: vmware0405, vmware0710
[ 12857.962] (II) modesetting: Driver for Modesetting Kernel Drivers: kms
[ 12857.962] (II) FBDEV: driver for framebuffer: fbdev
[ 12857.962] (II) VESA: driver for VESA chipsets: vesa
[ 12857.962] xf86EnableIOPorts: failed to set IOPL for I/O (Operation not permitted)
[ 12857.962] (WW) Falling back to old probe method for modesetting
[ 12857.962] (WW) Falling back to old probe method for fbdev
[ 12857.962] (II) Loading sub module "fbdevhw"
[ 12857.962] (II) LoadModule: "fbdevhw"
[ 12857.963] (II) Loading /usr/lib/xorg/modules/libfbdevhw.so
[ 12857.963] (II) Module fbdevhw: vendor="X.Org Foundation"
[ 12857.963] 	compiled for 1.20.5, module version = 0.0.2
[ 12857.963] 	ABI class: X.Org Video Driver, version 24.0
[ 12857.963] (EE) open /dev/fb0: Permission denied
[ 12857.963] (WW) VGA arbiter: cannot open kernel arbiter, no multi-card support
[ 12857.963] (II) vmware(0): Creating default Display subsection in Screen section
	"Default Screen Section" for depth/fbbpp 24/32
[ 12857.963] (--) vmware(0): DRM driver version is 2.15.0
[ 12857.963] (==) vmware(0): Depth 24, (--) framebuffer bpp 32
[ 12857.963] (==) vmware(0): RGB weight 888
[ 12857.963] (==) vmware(0): Default visual is TrueColor
[ 12857.963] (--) vmware(0): Min width 1, Max Width 16384.
[ 12857.964] (--) vmware(0): Min height 1, Max Height 16384.
[ 12857.964] (II) vmware(0): Output Virtual1 has no monitor section
[ 12857.964] (II) vmware(0): Output Virtual2 has no monitor section
[ 12857.964] (II) vmware(0): Output Virtual3 has no monitor section
[ 12857.964] (II) vmware(0): Output Virtual4 has no monitor section
[ 12857.964] (II) vmware(0): Output Virtual5 has no monitor section
[ 12857.964] (II) vmware(0): Output Virtual6 has no monitor section
[ 12857.964] (II) vmware(0): Output Virtual7 has no monitor section
[ 12857.964] (II) vmware(0): Output Virtual8 has no monitor section
[ 12857.964] (II) vmware(0): Printing probed modes for output Virtual1
[ 12857.964] (II) vmware(0): Modeline "2560x984"x60.0  184.39  2560 2610 2660 2710  984 1034 1084 1134 -hsync +vsync (68.0 kHz eP)
[ 12857.965] (II) vmware(0): Modeline "2560x1600"x60.0  348.50  2560 2752 3032 3504  1600 1603 1609 1658 -hsync +vsync (99.5 kHz e)
[ 12857.965] (II) vmware(0): Modeline "1920x1440"x60.0  234.00  1920 2048 2256 2600  1440 1441 1444 1500 -hsync +vsync (90.0 kHz e)
[ 12857.965] (II) vmware(0): Modeline "1856x1392"x60.0  218.25  1856 1952 2176 2528  1392 1393 1396 1439 -hsync +vsync (86.3 kHz e)
[ 12857.965] (II) vmware(0): Modeline "1792x1344"x60.0  204.75  1792 1920 2120 2448  1344 1345 1348 1394 -hsync +vsync (83.6 kHz e)
[ 12857.965] (II) vmware(0): Modeline "1920x1200"x59.9  193.25  1920 2056 2256 2592  1200 1203 1209 1245 -hsync +vsync (74.6 kHz e)
[ 12857.965] (II) vmware(0): Modeline "1600x1200"x60.0  162.00  1600 1664 1856 2160  1200 1201 1204 1250 +hsync +vsync (75.0 kHz e)
[ 12857.965] (II) vmware(0): Modeline "1680x1050"x60.0  146.25  1680 1784 1960 2240  1050 1053 1059 1089 -hsync +vsync (65.3 kHz e)
[ 12857.965] (II) vmware(0): Modeline "1400x1050"x60.0  121.75  1400 1488 1632 1864  1050 1053 1057 1089 -hsync +vsync (65.3 kHz e)
[ 12857.965] (II) vmware(0): Modeline "1280x1024"x60.0  108.00  1280 1328 1440 1688  1024 1025 1028 1066 +hsync +vsync (64.0 kHz e)
[ 12857.965] (II) vmware(0): Modeline "1440x900"x59.9  106.50  1440 1520 1672 1904  900 903 909 934 -hsync +vsync (55.9 kHz e)
[ 12857.965] (II) vmware(0): Modeline "1280x960"x60.0  108.00  1280 1376 1488 1800  960 961 964 1000 +hsync +vsync (60.0 kHz e)
[ 12857.965] (II) vmware(0): Modeline "1360x768"x60.0   85.50  1360 1424 1536 1792  768 771 777 795 +hsync +vsync (47.7 kHz e)
[ 12857.965] (II) vmware(0): Modeline "1280x800"x59.8   83.50  1280 1352 1480 1680  800 803 809 831 +hsync -vsync (49.7 kHz e)
[ 12857.965] (II) vmware(0): Modeline "1152x864"x75.0  108.00  1152 1216 1344 1600  864 865 868 900 +hsync +vsync (67.5 kHz e)
[ 12857.965] (II) vmware(0): Modeline "1280x768"x59.9   79.50  1280 1344 1472 1664  768 771 778 798 -hsync +vsync (47.8 kHz e)
[ 12857.966] (II) vmware(0): Modeline "1024x768"x60.0   65.00  1024 1048 1184 1344  768 771 777 806 -hsync -vsync (48.4 kHz e)
[ 12857.966] (II) vmware(0): Modeline "800x600"x60.3   40.00  800 840 968 1056  600 601 605 628 +hsync +vsync (37.9 kHz e)
[ 12857.966] (II) vmware(0): Modeline "640x480"x59.9   25.18  640 656 752 800  480 489 492 525 -hsync -vsync (31.5 kHz e)
[ 12857.966] (II) vmware(0): EDID for output Virtual2
[ 12857.966] (II) vmware(0): EDID for output Virtual3
[ 12857.966] (II) vmware(0): EDID for output Virtual4
[ 12857.966] (II) vmware(0): EDID for output Virtual5
[ 12857.966] (II) vmware(0): EDID for output Virtual6
[ 12857.966] (II) vmware(0): EDID for output Virtual7
[ 12857.966] (II) vmware(0): EDID for output Virtual8
[ 12857.966] (II) vmware(0): Output Virtual1 connected
[ 12857.966] (II) vmware(0): Output Virtual2 disconnected
[ 12857.966] (II) vmware(0): Output Virtual3 disconnected
[ 12857.966] (II) vmware(0): Output Virtual4 disconnected
[ 12857.967] (II) vmware(0): Output Virtual5 disconnected
[ 12857.967] (II) vmware(0): Output Virtual6 disconnected
[ 12857.967] (II) vmware(0): Output Virtual7 disconnected
[ 12857.967] (II) vmware(0): Output Virtual8 disconnected
[ 12857.967] (II) vmware(0): Using exact sizes for initial modes
[ 12857.967] (II) vmware(0): Output Virtual1 using initial mode 2560x984 +0+0
[ 12857.967] (==) vmware(0): DPI set to (96, 96)
[ 12857.967] (==) vmware(0): Using gamma correction (1.0, 1.0, 1.0)
[ 12857.967] (II) Loading sub module "fb"
[ 12857.967] (II) LoadModule: "fb"
[ 12857.967] (II) Loading /usr/lib/xorg/modules/libfb.so
[ 12857.967] (II) Module fb: vendor="X.Org Foundation"
[ 12857.967] 	compiled for 1.20.5, module version = 1.0.0
[ 12857.968] 	ABI class: X.Org ANSI C Emulation, version 0.4
[ 12857.968] (II) Loading sub module "dri2"
[ 12857.968] (II) LoadModule: "dri2"
[ 12857.968] (II) Module "dri2" already built-in
[ 12857.968] (II) Loading sub module "dri3"
[ 12857.968] (II) LoadModule: "dri3"
[ 12857.968] (II) Module "dri3" already built-in
[ 12857.968] (II) UnloadModule: "modesetting"
[ 12857.968] (II) Unloading modesetting
[ 12857.968] (II) UnloadModule: "fbdev"
[ 12857.968] (II) Unloading fbdev
[ 12857.968] (II) UnloadSubModule: "fbdevhw"
[ 12857.969] (II) Unloading fbdevhw
[ 12857.969] (II) UnloadModule: "vesa"
[ 12857.969] (II) Unloading vesa
[ 12857.969] (II) vmware(0): Initialized VMWARE_CTRL extension version 0.2
[ 12857.977] (II) vmware(0): Gallium3D XA version: 2.5.0.
[ 12857.977] (II) vmware(0): Path of drm device is "/dev/dri/card0".
[ 12857.977] (II) vmware(0): [DRI2] Setup complete
[ 12857.977] (II) vmware(0): [DRI2]   DRI driver: vmwgfx
[ 12857.977] (EE) vmware(0): Failed to initialize direct rendering DRI3.
[ 12857.977] (--) vmware(0): Render acceleration is enabled.
[ 12857.977] (==) vmware(0): Rendercheck mode is disabled.
[ 12857.977] (--) vmware(0): Direct rendering (DRI2 3D) is enabled.
[ 12857.977] (--) vmware(0): Direct rendering (DRI3 3D) is disabled.
[ 12857.977] (==) vmware(0): Direct presents are disabled.
[ 12857.978] (==) vmware(0): Hardware only presents are automatic per scanout.
[ 12857.978] (==) vmware(0): Backing store enabled
[ 12857.978] (==) vmware(0): Silken mouse enabled
[ 12857.978] (==) vmware(0): DPMS enabled
[ 12857.978] (II) Initializing extension Generic Event Extension
[ 12857.978] (II) Initializing extension SHAPE
[ 12857.978] (II) Initializing extension MIT-SHM
[ 12857.978] (II) Initializing extension XInputExtension
[ 12857.979] (II) Initializing extension XTEST
[ 12857.979] (II) Initializing extension BIG-REQUESTS
[ 12857.979] (II) Initializing extension SYNC
[ 12857.979] (II) Initializing extension XKEYBOARD
[ 12857.979] (II) Initializing extension XC-MISC
[ 12857.979] (II) Initializing extension SECURITY
[ 12857.979] (II) Initializing extension XFIXES
[ 12857.979] (II) Initializing extension RENDER
[ 12857.979] (II) Initializing extension RANDR
[ 12857.979] (II) Initializing extension COMPOSITE
[ 12857.980] (II) Initializing extension DAMAGE
[ 12857.980] (II) Initializing extension MIT-SCREEN-SAVER
[ 12857.980] (II) Initializing extension DOUBLE-BUFFER
[ 12857.980] (II) Initializing extension RECORD
[ 12857.980] (II) Initializing extension DPMS
[ 12857.980] (II) Initializing extension Present
[ 12857.980] (II) Initializing extension DRI3
[ 12857.980] (II) Initializing extension X-Resource
[ 12857.980] (II) Initializing extension XVideo
[ 12857.980] (II) Initializing extension XVideo-MotionCompensation
[ 12857.980] (II) Initializing extension SELinux
[ 12857.980] (II) SELinux: Disabled on system
[ 12857.980] (II) Initializing extension GLX
[ 12857.989] (II) AIGLX: Loaded and initialized vmwgfx
[ 12857.989] (II) GLX: Initialized DRI2 GL provider for screen 0
[ 12857.989] (II) Initializing extension XFree86-VidModeExtension
[ 12857.989] (II) Initializing extension XFree86-DGA
[ 12857.989] (II) Initializing extension XFree86-DRI
[ 12857.989] (II) Initializing extension DRI2
[ 12857.992] (II) vmware(0): Setting screen physical size to 677 x 260
[ 12858.023] (II) config/udev: Adding input device Power Button (/dev/input/event0)
[ 12858.023] (**) Power Button: Applying InputClass "libinput keyboard catchall"
[ 12858.023] (II) LoadModule: "libinput"
[ 12858.023] (II) Loading /usr/lib/xorg/modules/input/libinput_drv.so
[ 12858.024] (II) Module libinput: vendor="X.Org Foundation"
[ 12858.024] 	compiled for 1.20.4, module version = 0.29.0
[ 12858.024] 	Module class: X.Org XInput Driver
[ 12858.024] 	ABI class: X.Org XInput driver, version 24.1
[ 12858.024] (II) Using input driver 'libinput' for 'Power Button'
[ 12858.024] (II) systemd-logind: got fd for /dev/input/event0 13:64 fd 24 paused 0
[ 12858.024] (**) Power Button: always reports core events
[ 12858.024] (**) Option "Device" "/dev/input/event0"
[ 12858.024] (**) Option "_source" "server/udev"
[ 12858.025] (II) event0  - Power Button: is tagged by udev as: Keyboard
[ 12858.026] (II) event0  - Power Button: device is a keyboard
[ 12858.026] (II) event0  - Power Button: device removed
[ 12858.026] (**) Option "config_info" "udev:/sys/devices/LNXSYSTM:00/LNXPWRBN:00/input/input0/event0"
[ 12858.026] (II) XINPUT: Adding extended input device "Power Button" (type: KEYBOARD, id 6)
[ 12858.026] (**) Option "xkb_model" "SKIP"
[ 12858.026] (**) Option "xkb_layout" "us"
[ 12858.038] (II) event0  - Power Button: is tagged by udev as: Keyboard
[ 12858.038] (II) event0  - Power Button: device is a keyboard
[ 12858.039] (II) config/udev: Adding input device VMware VMware Virtual USB Mouse (/dev/input/event4)
[ 12858.039] (**) VMware VMware Virtual USB Mouse: Applying InputClass "libinput pointer catchall"
[ 12858.039] (II) Using input driver 'libinput' for 'VMware VMware Virtual USB Mouse'
[ 12858.099] (II) systemd-logind: got fd for /dev/input/event4 13:68 fd 27 paused 0
[ 12858.099] (**) VMware VMware Virtual USB Mouse: always reports core events
[ 12858.099] (**) Option "Device" "/dev/input/event4"
[ 12858.099] (**) Option "_source" "server/udev"
[ 12858.100] (II) event4  - VMware VMware Virtual USB Mouse: is tagged by udev as: Mouse
[ 12858.100] (II) event4  - VMware VMware Virtual USB Mouse: device is a pointer
[ 12858.100] (II) event4  - VMware VMware Virtual USB Mouse: device removed
[ 12858.100] (**) Option "config_info" "udev:/sys/devices/pci0000:00/0000:00:15.0/0000:03:00.0/usb3/3-1/3-1:1.0/0003:0E0F:0003.0001/input/input5/event4"
[ 12858.100] (II) XINPUT: Adding extended input device "VMware VMware Virtual USB Mouse" (type: MOUSE, id 7)
[ 12858.100] (**) Option "AccelerationScheme" "none"
[ 12858.100] (**) VMware VMware Virtual USB Mouse: (accel) selected scheme none/0
[ 12858.100] (**) VMware VMware Virtual USB Mouse: (accel) acceleration factor: 2.000
[ 12858.100] (**) VMware VMware Virtual USB Mouse: (accel) acceleration threshold: 4
[ 12858.101] (II) event4  - VMware VMware Virtual USB Mouse: is tagged by udev as: Mouse
[ 12858.101] (II) event4  - VMware VMware Virtual USB Mouse: device is a pointer
[ 12858.102] (II) config/udev: Adding input device VMware VMware Virtual USB Mouse (/dev/input/mouse2)
[ 12858.102] (II) No input driver specified, ignoring this device.
[ 12858.102] (II) This device may have been added with another device file.
[ 12858.102] (II) config/udev: Adding input device AT Translated Set 2 keyboard (/dev/input/event1)
[ 12858.102] (**) AT Translated Set 2 keyboard: Applying InputClass "libinput keyboard catchall"
[ 12858.102] (II) Using input driver 'libinput' for 'AT Translated Set 2 keyboard'
[ 12858.103] (II) systemd-logind: got fd for /dev/input/event1 13:65 fd 28 paused 0
[ 12858.103] (**) AT Translated Set 2 keyboard: always reports core events
[ 12858.103] (**) Option "Device" "/dev/input/event1"
[ 12858.103] (**) Option "_source" "server/udev"
[ 12858.104] (II) event1  - AT Translated Set 2 keyboard: is tagged by udev as: Keyboard
[ 12858.104] (II) event1  - AT Translated Set 2 keyboard: device is a keyboard
[ 12858.104] (II) event1  - AT Translated Set 2 keyboard: device removed
[ 12858.104] (**) Option "config_info" "udev:/sys/devices/platform/i8042/serio0/input/input1/event1"
[ 12858.104] (II) XINPUT: Adding extended input device "AT Translated Set 2 keyboard" (type: KEYBOARD, id 8)
[ 12858.104] (**) Option "xkb_model" "SKIP"
[ 12858.104] (**) Option "xkb_layout" "us"
[ 12858.105] (II) event1  - AT Translated Set 2 keyboard: is tagged by udev as: Keyboard
[ 12858.105] (II) event1  - AT Translated Set 2 keyboard: device is a keyboard
[ 12858.106] (II) config/udev: Adding input device VirtualPS/2 VMware VMMouse (/dev/input/event3)
[ 12858.106] (**) VirtualPS/2 VMware VMMouse: Applying InputClass "libinput pointer catchall"
[ 12858.106] (II) Using input driver 'libinput' for 'VirtualPS/2 VMware VMMouse'
[ 12858.106] (II) systemd-logind: got fd for /dev/input/event3 13:67 fd 29 paused 0
[ 12858.106] (**) VirtualPS/2 VMware VMMouse: always reports core events
[ 12858.106] (**) Option "Device" "/dev/input/event3"
[ 12858.106] (**) Option "_source" "server/udev"
[ 12858.107] (II) event3  - VirtualPS/2 VMware VMMouse: is tagged by udev as: Mouse
[ 12858.107] (II) event3  - VirtualPS/2 VMware VMMouse: device is a pointer
[ 12858.107] (II) event3  - VirtualPS/2 VMware VMMouse: device removed
[ 12858.107] (**) Option "config_info" "udev:/sys/devices/platform/i8042/serio1/input/input3/event3"
[ 12858.107] (II) XINPUT: Adding extended input device "VirtualPS/2 VMware VMMouse" (type: MOUSE, id 9)
[ 12858.107] (**) Option "AccelerationScheme" "none"
[ 12858.107] (**) VirtualPS/2 VMware VMMouse: (accel) selected scheme none/0
[ 12858.107] (**) VirtualPS/2 VMware VMMouse: (accel) acceleration factor: 2.000
[ 12858.107] (**) VirtualPS/2 VMware VMMouse: (accel) acceleration threshold: 4
[ 12858.108] (II) event3  - VirtualPS/2 VMware VMMouse: is tagged by udev as: Mouse
[ 12858.108] (II) event3  - VirtualPS/2 VMware VMMouse: device is a pointer
[ 12858.108] (II) config/udev: Adding input device VirtualPS/2 VMware VMMouse (/dev/input/mouse1)
[ 12858.108] (II) No input driver specified, ignoring this device.
[ 12858.108] (II) This device may have been added with another device file.
[ 12858.108] (II) config/udev: Adding input device VirtualPS/2 VMware VMMouse (/dev/input/event2)
[ 12858.108] (**) VirtualPS/2 VMware VMMouse: Applying InputClass "libinput pointer catchall"
[ 12858.108] (II) Using input driver 'libinput' for 'VirtualPS/2 VMware VMMouse'
[ 12858.109] (II) systemd-logind: got fd for /dev/input/event2 13:66 fd 30 paused 0
[ 12858.109] (**) VirtualPS/2 VMware VMMouse: always reports core events
[ 12858.109] (**) Option "Device" "/dev/input/event2"
[ 12858.109] (**) Option "_source" "server/udev"
[ 12858.110] (II) event2  - VirtualPS/2 VMware VMMouse: is tagged by udev as: Mouse
[ 12858.110] (II) event2  - VirtualPS/2 VMware VMMouse: device is a pointer
[ 12858.110] (II) event2  - VirtualPS/2 VMware VMMouse: device removed
[ 12858.110] (**) Option "config_info" "udev:/sys/devices/platform/i8042/serio1/input/input4/event2"
[ 12858.110] (II) XINPUT: Adding extended input device "VirtualPS/2 VMware VMMouse" (type: MOUSE, id 10)
[ 12858.110] (**) Option "AccelerationScheme" "none"
[ 12858.110] (**) VirtualPS/2 VMware VMMouse: (accel) selected scheme none/0
[ 12858.110] (**) VirtualPS/2 VMware VMMouse: (accel) acceleration factor: 2.000
[ 12858.110] (**) VirtualPS/2 VMware VMMouse: (accel) acceleration threshold: 4
[ 12858.111] (II) event2  - VirtualPS/2 VMware VMMouse: is tagged by udev as: Mouse
[ 12858.111] (II) event2  - VirtualPS/2 VMware VMMouse: device is a pointer
[ 12858.111] (II) config/udev: Adding input device VirtualPS/2 VMware VMMouse (/dev/input/mouse0)
[ 12858.111] (II) No input driver specified, ignoring this device.
[ 12858.111] (II) This device may have been added with another device file.
[ 12859.967] (II) Changing hardware format.
